Copyright 1986-2021 Xilinx, Inc. All Rights Reserved.
-------------------------------------------------------------------------------------------------------------------------
| Tool Version : Vivado v.2021.2.1 (win64) Build 3414424 Sun Dec 19 10:57:22 MST 2021
| Date         : Wed May 25 13:25:00 2022
| Host         : DESKTOP-5R2NN9R running 64-bit major release  (build 9200)
| Command      : report_utilization -file system_wrapper_utilization_placed.rpt -pb system_wrapper_utilization_placed.pb
| Design       : system_wrapper
| Device       : xc7a35ticsg324-1L
| Speed File   : -1L
| Design State : Fully Placed
-------------------------------------------------------------------------------------------------------------------------

Utilization Design Information

Table of Contents
-----------------
1. Slice Logic
1.1 Summary of Registers by Type
2. Slice Logic Distribution
3. Memory
4. DSP
5. IO and GT Specific
6. Clocking
7. Specific Feature
8. Primitives
9. Black Boxes
10. Instantiated Netlists

1. Slice Logic
--------------

+----------------------------+-------+-------+------------+-----------+-------+
|          Site Type         |  Used | Fixed | Prohibited | Available | Util% |
+----------------------------+-------+-------+------------+-----------+-------+
| Slice LUTs                 | 13746 |     0 |          0 |     20800 | 66.09 |
|   LUT as Logic             | 12450 |     0 |          0 |     20800 | 59.86 |
|   LUT as Memory            |  1296 |     0 |          0 |      9600 | 13.50 |
|     LUT as Distributed RAM |   808 |     0 |            |           |       |
|     LUT as Shift Register  |   488 |     0 |            |           |       |
| Slice Registers            | 12913 |     0 |          0 |     41600 | 31.04 |
|   Register as Flip Flop    | 12909 |     0 |          0 |     41600 | 31.03 |
|   Register as Latch        |     0 |     0 |          0 |     41600 |  0.00 |
|   Register as AND/OR       |     4 |     0 |          0 |     41600 | <0.01 |
| F7 Muxes                   |   624 |     0 |          0 |     16300 |  3.83 |
| F8 Muxes                   |     1 |     0 |          0 |      8150 |  0.01 |
+----------------------------+-------+-------+------------+-----------+-------+


1.1 Summary of Registers by Type
--------------------------------

+-------+--------------+-------------+--------------+
| Total | Clock Enable | Synchronous | Asynchronous |
+-------+--------------+-------------+--------------+
| 4     |            _ |           - |            - |
| 0     |            _ |           - |          Set |
| 0     |            _ |           - |        Reset |
| 0     |            _ |         Set |            - |
| 0     |            _ |       Reset |            - |
| 0     |          Yes |           - |            - |
| 184   |          Yes |           - |          Set |
| 316   |          Yes |           - |        Reset |
| 390   |          Yes |         Set |            - |
| 12019 |          Yes |       Reset |            - |
+-------+--------------+-------------+--------------+


2. Slice Logic Distribution
---------------------------

+--------------------------------------------+-------+-------+------------+-----------+-------+
|                  Site Type                 |  Used | Fixed | Prohibited | Available | Util% |
+--------------------------------------------+-------+-------+------------+-----------+-------+
| Slice                                      |  4573 |     0 |          0 |      8150 | 56.11 |
|   SLICEL                                   |  3123 |     0 |            |           |       |
|   SLICEM                                   |  1450 |     0 |            |           |       |
| LUT as Logic                               | 12450 |     0 |          0 |     20800 | 59.86 |
|   using O5 output only                     |    10 |       |            |           |       |
|   using O6 output only                     |  9063 |       |            |           |       |
|   using O5 and O6                          |  3377 |       |            |           |       |
| LUT as Memory                              |  1296 |     0 |          0 |      9600 | 13.50 |
|   LUT as Distributed RAM                   |   808 |     0 |            |           |       |
|     using O5 output only                   |     0 |       |            |           |       |
|     using O6 output only                   |     4 |       |            |           |       |
|     using O5 and O6                        |   804 |       |            |           |       |
|   LUT as Shift Register                    |   488 |     0 |            |           |       |
|     using O5 output only                   |    23 |       |            |           |       |
|     using O6 output only                   |   376 |       |            |           |       |
|     using O5 and O6                        |    89 |       |            |           |       |
| Slice Registers                            | 12913 |     0 |          0 |     41600 | 31.04 |
|   Register driven from within the Slice    |  7770 |       |            |           |       |
|   Register driven from outside the Slice   |  5143 |       |            |           |       |
|     LUT in front of the register is unused |  2509 |       |            |           |       |
|     LUT in front of the register is used   |  2634 |       |            |           |       |
| Unique Control Sets                        |   671 |       |          0 |      8150 |  8.23 |
+--------------------------------------------+-------+-------+------------+-----------+-------+
* * Note: Available Control Sets calculated as Slice * 1, Review the Control Sets Report for more information regarding control sets.


3. Memory
---------

+-------------------+------+-------+------------+-----------+-------+
|     Site Type     | Used | Fixed | Prohibited | Available | Util% |
+-------------------+------+-------+------------+-----------+-------+
| Block RAM Tile    |   22 |     0 |          0 |        50 | 44.00 |
|   RAMB36/FIFO*    |   18 |     0 |          0 |        50 | 36.00 |
|     RAMB36E1 only |   18 |       |            |           |       |
|   RAMB18          |    8 |     0 |          0 |       100 |  8.00 |
|     RAMB18E1 only |    8 |       |            |           |       |
+-------------------+------+-------+------------+-----------+-------+
* Note: Each Block RAM Tile only has one FIFO logic available and therefore can accommodate only one FIFO36E1 or one FIFO18E1. However, if a FIFO18E1 occupies a Block RAM Tile, that tile can still accommodate a RAMB18E1


4. DSP
------

+-----------+------+-------+------------+-----------+-------+
| Site Type | Used | Fixed | Prohibited | Available | Util% |
+-----------+------+-------+------------+-----------+-------+
| DSPs      |    0 |     0 |          0 |        90 |  0.00 |
+-----------+------+-------+------------+-----------+-------+


5. IO and GT Specific
---------------------

+-----------------------------+------+-------+------------+-----------+-------+
|          Site Type          | Used | Fixed | Prohibited | Available | Util% |
+-----------------------------+------+-------+------------+-----------+-------+
| Bonded IOB                  |   70 |    70 |          0 |       210 | 33.33 |
|   IOB Master Pads           |   36 |       |            |           |       |
|   IOB Slave Pads            |   32 |       |            |           |       |
| Bonded IPADs                |    0 |     0 |          0 |         2 |  0.00 |
| PHY_CONTROL                 |    1 |     1 |          0 |         5 | 20.00 |
| PHASER_REF                  |    1 |     1 |          0 |         5 | 20.00 |
| OUT_FIFO                    |    4 |     4 |          0 |        20 | 20.00 |
| IN_FIFO                     |    2 |     2 |          0 |        20 | 10.00 |
| IDELAYCTRL                  |    1 |     0 |          0 |         5 | 20.00 |
| IBUFDS                      |    0 |     0 |          0 |       202 |  0.00 |
| PHASER_OUT/PHASER_OUT_PHY   |    4 |     4 |          0 |        20 | 20.00 |
|   PHASER_OUT_PHY only       |    4 |     4 |            |           |       |
| PHASER_IN/PHASER_IN_PHY     |    2 |     2 |          0 |        20 | 10.00 |
|   PHASER_IN_PHY only        |    2 |     2 |            |           |       |
| IDELAYE2/IDELAYE2_FINEDELAY |   16 |    16 |          0 |       250 |  6.40 |
|   IDELAYE2 only             |   16 |    16 |            |           |       |
| ILOGIC                      |   16 |    16 |          0 |       210 |  7.62 |
|   ISERDES                   |   16 |    16 |          0 |       210 |       |
| OLOGIC                      |   46 |    46 |          0 |       210 | 21.90 |
|   OUTFF_ODDR_Register       |    3 |     3 |            |           |       |
|   TFF_ODDR_Register         |    2 |     2 |            |           |       |
|   OSERDES                   |   43 |    43 |          0 |       210 |       |
+-----------------------------+------+-------+------------+-----------+-------+


6. Clocking
-----------

+------------+------+-------+------------+-----------+-------+
|  Site Type | Used | Fixed | Prohibited | Available | Util% |
+------------+------+-------+------------+-----------+-------+
| BUFGCTRL   |    9 |     0 |          0 |        32 | 28.13 |
| BUFIO      |    0 |     0 |          0 |        20 |  0.00 |
| MMCME2_ADV |    2 |     1 |          0 |         5 | 40.00 |
| PLLE2_ADV  |    1 |     1 |          0 |         5 | 20.00 |
| BUFMRCE    |    0 |     0 |          0 |        10 |  0.00 |
| BUFHCE     |    1 |     0 |          0 |        72 |  1.39 |
| BUFR       |    0 |     0 |          0 |        20 |  0.00 |
+------------+------+-------+------------+-----------+-------+


7. Specific Feature
-------------------

+-------------+------+-------+------------+-----------+--------+
|  Site Type  | Used | Fixed | Prohibited | Available |  Util% |
+-------------+------+-------+------------+-----------+--------+
| BSCANE2     |    1 |     0 |          0 |         4 |  25.00 |
| CAPTUREE2   |    0 |     0 |          0 |         1 |   0.00 |
| DNA_PORT    |    0 |     0 |          0 |         1 |   0.00 |
| EFUSE_USR   |    0 |     0 |          0 |         1 |   0.00 |
| FRAME_ECCE2 |    0 |     0 |          0 |         1 |   0.00 |
| ICAPE2      |    0 |     0 |          0 |         2 |   0.00 |
| PCIE_2_1    |    0 |     0 |          0 |         1 |   0.00 |
| STARTUPE2   |    0 |     0 |          0 |         1 |   0.00 |
| XADC        |    1 |     0 |          0 |         1 | 100.00 |
+-------------+------+-------+------------+-----------+--------+


8. Primitives
-------------

+--------------------------+-------+---------------------+
|         Ref Name         |  Used | Functional Category |
+--------------------------+-------+---------------------+
| FDRE                     | 12019 |        Flop & Latch |
| LUT5                     |  3878 |                 LUT |
| LUT3                     |  3507 |                 LUT |
| LUT6                     |  3399 |                 LUT |
| LUT4                     |  2352 |                 LUT |
| LUT2                     |  2063 |                 LUT |
| RAMD32                   |  1240 |  Distributed Memory |
| LUT1                     |   628 |                 LUT |
| MUXF7                    |   624 |               MuxFx |
| FDSE                     |   390 |        Flop & Latch |
| RAMS32                   |   372 |  Distributed Memory |
| SRLC32E                  |   324 |  Distributed Memory |
| FDCE                     |   316 |        Flop & Latch |
| CARRY4                   |   306 |          CarryLogic |
| SRL16E                   |   246 |  Distributed Memory |
| FDPE                     |   184 |        Flop & Latch |
| OSERDESE2                |    43 |                  IO |
| OBUF                     |    33 |                  IO |
| OBUFT                    |    19 |                  IO |
| RAMB36E1                 |    18 |        Block Memory |
| ISERDESE2                |    16 |                  IO |
| IDELAYE2                 |    16 |                  IO |
| IBUF_INTERMDISABLE       |    16 |                  IO |
| IBUF                     |    13 |                  IO |
| BUFG                     |     9 |               Clock |
| RAMB18E1                 |     8 |        Block Memory |
| SRLC16E                  |     7 |  Distributed Memory |
| ODDR                     |     5 |                  IO |
| PHASER_OUT_PHY           |     4 |                  IO |
| OUT_FIFO                 |     4 |                  IO |
| OBUFTDS                  |     4 |                  IO |
| IBUFDS_INTERMDISABLE_INT |     4 |                  IO |
| AND2B1L                  |     4 |              Others |
| INV                      |     3 |                 LUT |
| PHASER_IN_PHY            |     2 |                  IO |
| OBUFDS                   |     2 |                  IO |
| MMCME2_ADV               |     2 |               Clock |
| IN_FIFO                  |     2 |                  IO |
| XADC                     |     1 |              Others |
| PLLE2_ADV                |     1 |               Clock |
| PHY_CONTROL              |     1 |                  IO |
| PHASER_REF               |     1 |                  IO |
| MUXF8                    |     1 |               MuxFx |
| IDELAYCTRL               |     1 |                  IO |
| BUFH                     |     1 |               Clock |
| BSCANE2                  |     1 |              Others |
+--------------------------+-------+---------------------+


9. Black Boxes
--------------

+----------+------+
| Ref Name | Used |
+----------+------+


10. Instantiated Netlists
-------------------------

+--------------------------------+------+
|            Ref Name            | Used |
+--------------------------------+------+
| system_xbar_0                  |    1 |
| system_rst_mig_7series_0_83M_0 |    1 |
| system_mig_7series_0_0         |    1 |
| system_microblaze_0_axi_intc_0 |    1 |
| system_microblaze_0_0          |    1 |
| system_mdm_1_0                 |    1 |
| system_lmb_bram_0              |    1 |
| system_ilmb_v10_0              |    1 |
| system_ilmb_bram_if_cntlr_0    |    1 |
| system_dlmb_v10_0              |    1 |
| system_dlmb_bram_if_cntlr_0    |    1 |
| system_clk_wiz_0_0             |    1 |
| system_axi_uartlite_0_0        |    1 |
| system_axi_timer_0_0           |    1 |
| system_axi_ethernetlite_0_0    |    1 |
| system_auto_us_2               |    1 |
| system_auto_us_1               |    1 |
| system_auto_us_0               |    1 |
| system_auto_pc_4               |    1 |
| system_auto_pc_3               |    1 |
| system_auto_pc_2               |    1 |
| system_auto_pc_1               |    1 |
| system_auto_pc_0               |    1 |
| system_auto_ds_3               |    1 |
| system_auto_ds_2               |    1 |
| system_auto_ds_1               |    1 |
| system_auto_ds_0               |    1 |
+--------------------------------+------+


