
*** Running vivado
    with args -log system_auto_pc_4.vds -m64 -product Vivado -mode batch -messageDb vivado.pb -notrace -source system_auto_pc_4.tcl



****** Vivado v2021.2.1 (64-bit)
  **** SW Build 3414424 on Sun Dec 19 10:57:22 MST 2021
  **** IP Build 3405791 on Sun Dec 19 15:54:35 MST 2021
    ** Copyright 1986-2021 Xilinx, Inc. All Rights Reserved.

source system_auto_pc_4.tcl -notrace
Command: synth_design -top system_auto_pc_4 -part xc7a35ticsg324-1L -mode out_of_context
Starting synth_design
Attempting to get a license for feature 'Synthesis' and/or device 'xc7a35ti'
INFO: [Common 17-349] Got license for feature 'Synthesis' and/or device 'xc7a35ti'
INFO: [Device 21-403] Loading part xc7a35ticsg324-1L
INFO: [Synth 8-7079] Multithreading enabled for synth_design using a maximum of 2 processes.
INFO: [Synth 8-7078] Launching helper process for spawning children vivado processes
INFO: [Synth 8-7075] Helper process launched with PID 10448
---------------------------------------------------------------------------------
Starting RTL Elaboration : Time (s): cpu = 00:00:09 ; elapsed = 00:00:10 . Memory (MB): peak = 1260.195 ; gain = 0.000
---------------------------------------------------------------------------------
INFO: [Synth 8-6157] synthesizing module 'system_auto_pc_4' [c:/Users/NextLife/Desktop/fpga_projects/microblaze_server/microblaze_server.gen/sources_1/bd/system/ip/system_auto_pc_4/synth/system_auto_pc_4.v:58]
INFO: [Synth 8-6157] synthesizing module 'axi_protocol_converter_v2_1_25_axi_protocol_converter' [c:/Users/NextLife/Desktop/fpga_projects/microblaze_server/microblaze_server.gen/sources_1/bd/system/ipshared/8fe4/hdl/axi_protocol_converter_v2_1_vl_rfs.v:4808]
INFO: [Synth 8-6155] done synthesizing module 'axi_protocol_converter_v2_1_25_axi_protocol_converter' (1#1) [c:/Users/NextLife/Desktop/fpga_projects/microblaze_server/microblaze_server.gen/sources_1/bd/system/ipshared/8fe4/hdl/axi_protocol_converter_v2_1_vl_rfs.v:4808]
INFO: [Synth 8-6155] done synthesizing module 'system_auto_pc_4' (2#1) [c:/Users/NextLife/Desktop/fpga_projects/microblaze_server/microblaze_server.gen/sources_1/bd/system/ip/system_auto_pc_4/synth/system_auto_pc_4.v:58]
WARNING: [Synth 8-7129] Port aclk in module axi_protocol_converter_v2_1_25_axi_protocol_converter is either unconnected or has no load
WARNING: [Synth 8-7129] Port aresetn in module axi_protocol_converter_v2_1_25_axi_protocol_converter is either unconnected or has no load
WARNING: [Synth 8-7129] Port s_axi_awid[0] in module axi_protocol_converter_v2_1_25_axi_protocol_converter is either unconnected or has no load
WARNING: [Synth 8-7129] Port s_axi_awlen[7] in module axi_protocol_converter_v2_1_25_axi_protocol_converter is either unconnected or has no load
WARNING: [Synth 8-7129] Port s_axi_awlen[6] in module axi_protocol_converter_v2_1_25_axi_protocol_converter is either unconnected or has no load
WARNING: [Synth 8-7129] Port s_axi_awlen[5] in module axi_protocol_converter_v2_1_25_axi_protocol_converter is either unconnected or has no load
WARNING: [Synth 8-7129] Port s_axi_awlen[4] in module axi_protocol_converter_v2_1_25_axi_protocol_converter is either unconnected or has no load
WARNING: [Synth 8-7129] Port s_axi_awlen[3] in module axi_protocol_converter_v2_1_25_axi_protocol_converter is either unconnected or has no load
WARNING: [Synth 8-7129] Port s_axi_awlen[2] in module axi_protocol_converter_v2_1_25_axi_protocol_converter is either unconnected or has no load
WARNING: [Synth 8-7129] Port s_axi_awlen[1] in module axi_protocol_converter_v2_1_25_axi_protocol_converter is either unconnected or has no load
WARNING: [Synth 8-7129] Port s_axi_awlen[0] in module axi_protocol_converter_v2_1_25_axi_protocol_converter is either unconnected or has no load
WARNING: [Synth 8-7129] Port s_axi_awsize[2] in module axi_protocol_converter_v2_1_25_axi_protocol_converter is either unconnected or has no load
WARNING: [Synth 8-7129] Port s_axi_awsize[1] in module axi_protocol_converter_v2_1_25_axi_protocol_converter is either unconnected or has no load
WARNING: [Synth 8-7129] Port s_axi_awsize[0] in module axi_protocol_converter_v2_1_25_axi_protocol_converter is either unconnected or has no load
WARNING: [Synth 8-7129] Port s_axi_awburst[1] in module axi_protocol_converter_v2_1_25_axi_protocol_converter is either unconnected or has no load
WARNING: [Synth 8-7129] Port s_axi_awburst[0] in module axi_protocol_converter_v2_1_25_axi_protocol_converter is either unconnected or has no load
WARNING: [Synth 8-7129] Port s_axi_awlock[0] in module axi_protocol_converter_v2_1_25_axi_protocol_converter is either unconnected or has no load
WARNING: [Synth 8-7129] Port s_axi_awcache[3] in module axi_protocol_converter_v2_1_25_axi_protocol_converter is either unconnected or has no load
WARNING: [Synth 8-7129] Port s_axi_awcache[2] in module axi_protocol_converter_v2_1_25_axi_protocol_converter is either unconnected or has no load
WARNING: [Synth 8-7129] Port s_axi_awcache[1] in module axi_protocol_converter_v2_1_25_axi_protocol_converter is either unconnected or has no load
WARNING: [Synth 8-7129] Port s_axi_awcache[0] in module axi_protocol_converter_v2_1_25_axi_protocol_converter is either unconnected or has no load
WARNING: [Synth 8-7129] Port s_axi_awregion[3] in module axi_protocol_converter_v2_1_25_axi_protocol_converter is either unconnected or has no load
WARNING: [Synth 8-7129] Port s_axi_awregion[2] in module axi_protocol_converter_v2_1_25_axi_protocol_converter is either unconnected or has no load
WARNING: [Synth 8-7129] Port s_axi_awregion[1] in module axi_protocol_converter_v2_1_25_axi_protocol_converter is either unconnected or has no load
WARNING: [Synth 8-7129] Port s_axi_awregion[0] in module axi_protocol_converter_v2_1_25_axi_protocol_converter is either unconnected or has no load
WARNING: [Synth 8-7129] Port s_axi_awqos[3] in module axi_protocol_converter_v2_1_25_axi_protocol_converter is either unconnected or has no load
WARNING: [Synth 8-7129] Port s_axi_awqos[2] in module axi_protocol_converter_v2_1_25_axi_protocol_converter is either unconnected or has no load
WARNING: [Synth 8-7129] Port s_axi_awqos[1] in module axi_protocol_converter_v2_1_25_axi_protocol_converter is either unconnected or has no load
WARNING: [Synth 8-7129] Port s_axi_awqos[0] in module axi_protocol_converter_v2_1_25_axi_protocol_converter is either unconnected or has no load
WARNING: [Synth 8-7129] Port s_axi_awuser[0] in module axi_protocol_converter_v2_1_25_axi_protocol_converter is either unconnected or has no load
WARNING: [Synth 8-7129] Port s_axi_wid[0] in module axi_protocol_converter_v2_1_25_axi_protocol_converter is either unconnected or has no load
WARNING: [Synth 8-7129] Port s_axi_wlast in module axi_protocol_converter_v2_1_25_axi_protocol_converter is either unconnected or has no load
WARNING: [Synth 8-7129] Port s_axi_wuser[0] in module axi_protocol_converter_v2_1_25_axi_protocol_converter is either unconnected or has no load
WARNING: [Synth 8-7129] Port s_axi_arid[0] in module axi_protocol_converter_v2_1_25_axi_protocol_converter is either unconnected or has no load
WARNING: [Synth 8-7129] Port s_axi_arlen[7] in module axi_protocol_converter_v2_1_25_axi_protocol_converter is either unconnected or has no load
WARNING: [Synth 8-7129] Port s_axi_arlen[6] in module axi_protocol_converter_v2_1_25_axi_protocol_converter is either unconnected or has no load
WARNING: [Synth 8-7129] Port s_axi_arlen[5] in module axi_protocol_converter_v2_1_25_axi_protocol_converter is either unconnected or has no load
WARNING: [Synth 8-7129] Port s_axi_arlen[4] in module axi_protocol_converter_v2_1_25_axi_protocol_converter is either unconnected or has no load
WARNING: [Synth 8-7129] Port s_axi_arlen[3] in module axi_protocol_converter_v2_1_25_axi_protocol_converter is either unconnected or has no load
WARNING: [Synth 8-7129] Port s_axi_arlen[2] in module axi_protocol_converter_v2_1_25_axi_protocol_converter is either unconnected or has no load
WARNING: [Synth 8-7129] Port s_axi_arlen[1] in module axi_protocol_converter_v2_1_25_axi_protocol_converter is either unconnected or has no load
WARNING: [Synth 8-7129] Port s_axi_arlen[0] in module axi_protocol_converter_v2_1_25_axi_protocol_converter is either unconnected or has no load
WARNING: [Synth 8-7129] Port s_axi_arsize[2] in module axi_protocol_converter_v2_1_25_axi_protocol_converter is either unconnected or has no load
WARNING: [Synth 8-7129] Port s_axi_arsize[1] in module axi_protocol_converter_v2_1_25_axi_protocol_converter is either unconnected or has no load
WARNING: [Synth 8-7129] Port s_axi_arsize[0] in module axi_protocol_converter_v2_1_25_axi_protocol_converter is either unconnected or has no load
WARNING: [Synth 8-7129] Port s_axi_arburst[1] in module axi_protocol_converter_v2_1_25_axi_protocol_converter is either unconnected or has no load
WARNING: [Synth 8-7129] Port s_axi_arburst[0] in module axi_protocol_converter_v2_1_25_axi_protocol_converter is either unconnected or has no load
WARNING: [Synth 8-7129] Port s_axi_arlock[0] in module axi_protocol_converter_v2_1_25_axi_protocol_converter is either unconnected or has no load
WARNING: [Synth 8-7129] Port s_axi_arcache[3] in module axi_protocol_converter_v2_1_25_axi_protocol_converter is either unconnected or has no load
WARNING: [Synth 8-7129] Port s_axi_arcache[2] in module axi_protocol_converter_v2_1_25_axi_protocol_converter is either unconnected or has no load
WARNING: [Synth 8-7129] Port s_axi_arcache[1] in module axi_protocol_converter_v2_1_25_axi_protocol_converter is either unconnected or has no load
WARNING: [Synth 8-7129] Port s_axi_arcache[0] in module axi_protocol_converter_v2_1_25_axi_protocol_converter is either unconnected or has no load
WARNING: [Synth 8-7129] Port s_axi_arregion[3] in module axi_protocol_converter_v2_1_25_axi_protocol_converter is either unconnected or has no load
WARNING: [Synth 8-7129] Port s_axi_arregion[2] in module axi_protocol_converter_v2_1_25_axi_protocol_converter is either unconnected or has no load
WARNING: [Synth 8-7129] Port s_axi_arregion[1] in module axi_protocol_converter_v2_1_25_axi_protocol_converter is either unconnected or has no load
WARNING: [Synth 8-7129] Port s_axi_arregion[0] in module axi_protocol_converter_v2_1_25_axi_protocol_converter is either unconnected or has no load
WARNING: [Synth 8-7129] Port s_axi_arqos[3] in module axi_protocol_converter_v2_1_25_axi_protocol_converter is either unconnected or has no load
WARNING: [Synth 8-7129] Port s_axi_arqos[2] in module axi_protocol_converter_v2_1_25_axi_protocol_converter is either unconnected or has no load
WARNING: [Synth 8-7129] Port s_axi_arqos[1] in module axi_protocol_converter_v2_1_25_axi_protocol_converter is either unconnected or has no load
WARNING: [Synth 8-7129] Port s_axi_arqos[0] in module axi_protocol_converter_v2_1_25_axi_protocol_converter is either unconnected or has no load
WARNING: [Synth 8-7129] Port s_axi_aruser[0] in module axi_protocol_converter_v2_1_25_axi_protocol_converter is either unconnected or has no load
WARNING: [Synth 8-7129] Port m_axi_bid[0] in module axi_protocol_converter_v2_1_25_axi_protocol_converter is either unconnected or has no load
WARNING: [Synth 8-7129] Port m_axi_buser[0] in module axi_protocol_converter_v2_1_25_axi_protocol_converter is either unconnected or has no load
WARNING: [Synth 8-7129] Port m_axi_rid[0] in module axi_protocol_converter_v2_1_25_axi_protocol_converter is either unconnected or has no load
WARNING: [Synth 8-7129] Port m_axi_rlast in module axi_protocol_converter_v2_1_25_axi_protocol_converter is either unconnected or has no load
WARNING: [Synth 8-7129] Port m_axi_ruser[0] in module axi_protocol_converter_v2_1_25_axi_protocol_converter is either unconnected or has no load
---------------------------------------------------------------------------------
Finished RTL Elaboration : Time (s): cpu = 00:00:14 ; elapsed = 00:00:17 . Memory (MB): peak = 1260.195 ; gain = 0.000
---------------------------------------------------------------------------------
---------------------------------------------------------------------------------
Start Handling Custom Attributes
---------------------------------------------------------------------------------
---------------------------------------------------------------------------------
Finished Handling Custom Attributes : Time (s): cpu = 00:00:15 ; elapsed = 00:00:18 . Memory (MB): peak = 1260.195 ; gain = 0.000
---------------------------------------------------------------------------------
---------------------------------------------------------------------------------
Finished RTL Optimization Phase 1 : Time (s): cpu = 00:00:15 ; elapsed = 00:00:18 . Memory (MB): peak = 1260.195 ; gain = 0.000
---------------------------------------------------------------------------------
Netlist sorting complete. Time (s): cpu = 00:00:00 ; elapsed = 00:00:00.007 . Memory (MB): peak = 1260.195 ; gain = 0.000
INFO: [Project 1-570] Preparing netlist for logic optimization

Processing XDC Constraints
Initializing timing engine
Parsing XDC File [c:/Users/NextLife/Desktop/fpga_projects/microblaze_server/microblaze_server.gen/sources_1/bd/system/ip/system_auto_pc_4/system_auto_pc_4_ooc.xdc] for cell 'inst'
Finished Parsing XDC File [c:/Users/NextLife/Desktop/fpga_projects/microblaze_server/microblaze_server.gen/sources_1/bd/system/ip/system_auto_pc_4/system_auto_pc_4_ooc.xdc] for cell 'inst'
Parsing XDC File [C:/Users/NextLife/Desktop/fpga_projects/microblaze_server/microblaze_server.runs/system_auto_pc_4_synth_1/dont_touch.xdc]
Finished Parsing XDC File [C:/Users/NextLife/Desktop/fpga_projects/microblaze_server/microblaze_server.runs/system_auto_pc_4_synth_1/dont_touch.xdc]
Completed Processing XDC Constraints

Netlist sorting complete. Time (s): cpu = 00:00:00 ; elapsed = 00:00:00 . Memory (MB): peak = 1260.195 ; gain = 0.000
INFO: [Project 1-111] Unisim Transformation Summary:
No Unisim elements were transformed.

Constraint Validation Runtime : Time (s): cpu = 00:00:00 ; elapsed = 00:00:00.023 . Memory (MB): peak = 1260.195 ; gain = 0.000
---------------------------------------------------------------------------------
Finished Constraint Validation : Time (s): cpu = 00:00:23 ; elapsed = 00:00:27 . Memory (MB): peak = 1260.195 ; gain = 0.000
---------------------------------------------------------------------------------
---------------------------------------------------------------------------------
Start Loading Part and Timing Information
---------------------------------------------------------------------------------
Loading part: xc7a35ticsg324-1L
---------------------------------------------------------------------------------
Finished Loading Part and Timing Information : Time (s): cpu = 00:00:23 ; elapsed = 00:00:27 . Memory (MB): peak = 1260.195 ; gain = 0.000
---------------------------------------------------------------------------------
---------------------------------------------------------------------------------
Start Applying 'set_property' XDC Constraints
---------------------------------------------------------------------------------
Applied set_property KEEP_HIERARCHY = SOFT for inst. (constraint file  C:/Users/NextLife/Desktop/fpga_projects/microblaze_server/microblaze_server.runs/system_auto_pc_4_synth_1/dont_touch.xdc, line 9).
---------------------------------------------------------------------------------
Finished applying 'set_property' XDC Constraints : Time (s): cpu = 00:00:23 ; elapsed = 00:00:27 . Memory (MB): peak = 1260.195 ; gain = 0.000
---------------------------------------------------------------------------------
---------------------------------------------------------------------------------
Finished RTL Optimization Phase 2 : Time (s): cpu = 00:00:23 ; elapsed = 00:00:27 . Memory (MB): peak = 1260.195 ; gain = 0.000
---------------------------------------------------------------------------------
---------------------------------------------------------------------------------
Start RTL Component Statistics 
---------------------------------------------------------------------------------
Detailed RTL Component Info : 
---------------------------------------------------------------------------------
Finished RTL Component Statistics 
---------------------------------------------------------------------------------
---------------------------------------------------------------------------------
Start Part Resource Summary
---------------------------------------------------------------------------------
Part Resources:
DSPs: 90 (col length:60)
BRAMs: 100 (col length: RAMB18 60 RAMB36 30)
---------------------------------------------------------------------------------
Finished Part Resource Summary
---------------------------------------------------------------------------------
---------------------------------------------------------------------------------
Start Cross Boundary and Area Optimization
---------------------------------------------------------------------------------
WARNING: [Synth 8-7080] Parallel synthesis criteria is not met
WARNING: [Synth 8-7129] Port aclk in module axi_protocol_converter_v2_1_25_axi_protocol_converter is either unconnected or has no load
WARNING: [Synth 8-7129] Port aresetn in module axi_protocol_converter_v2_1_25_axi_protocol_converter is either unconnected or has no load
WARNING: [Synth 8-7129] Port s_axi_awid[0] in module axi_protocol_converter_v2_1_25_axi_protocol_converter is either unconnected or has no load
WARNING: [Synth 8-7129] Port s_axi_awlen[7] in module axi_protocol_converter_v2_1_25_axi_protocol_converter is either unconnected or has no load
WARNING: [Synth 8-7129] Port s_axi_awlen[6] in module axi_protocol_converter_v2_1_25_axi_protocol_converter is either unconnected or has no load
WARNING: [Synth 8-7129] Port s_axi_awlen[5] in module axi_protocol_converter_v2_1_25_axi_protocol_converter is either unconnected or has no load
WARNING: [Synth 8-7129] Port s_axi_awlen[4] in module axi_protocol_converter_v2_1_25_axi_protocol_converter is either unconnected or has no load
WARNING: [Synth 8-7129] Port s_axi_awlen[3] in module axi_protocol_converter_v2_1_25_axi_protocol_converter is either unconnected or has no load
WARNING: [Synth 8-7129] Port s_axi_awlen[2] in module axi_protocol_converter_v2_1_25_axi_protocol_converter is either unconnected or has no load
WARNING: [Synth 8-7129] Port s_axi_awlen[1] in module axi_protocol_converter_v2_1_25_axi_protocol_converter is either unconnected or has no load
WARNING: [Synth 8-7129] Port s_axi_awlen[0] in module axi_protocol_converter_v2_1_25_axi_protocol_converter is either unconnected or has no load
WARNING: [Synth 8-7129] Port s_axi_awsize[2] in module axi_protocol_converter_v2_1_25_axi_protocol_converter is either unconnected or has no load
WARNING: [Synth 8-7129] Port s_axi_awsize[1] in module axi_protocol_converter_v2_1_25_axi_protocol_converter is either unconnected or has no load
WARNING: [Synth 8-7129] Port s_axi_awsize[0] in module axi_protocol_converter_v2_1_25_axi_protocol_converter is either unconnected or has no load
WARNING: [Synth 8-7129] Port s_axi_awburst[1] in module axi_protocol_converter_v2_1_25_axi_protocol_converter is either unconnected or has no load
WARNING: [Synth 8-7129] Port s_axi_awburst[0] in module axi_protocol_converter_v2_1_25_axi_protocol_converter is either unconnected or has no load
WARNING: [Synth 8-7129] Port s_axi_awlock[0] in module axi_protocol_converter_v2_1_25_axi_protocol_converter is either unconnected or has no load
WARNING: [Synth 8-7129] Port s_axi_awcache[3] in module axi_protocol_converter_v2_1_25_axi_protocol_converter is either unconnected or has no load
WARNING: [Synth 8-7129] Port s_axi_awcache[2] in module axi_protocol_converter_v2_1_25_axi_protocol_converter is either unconnected or has no load
WARNING: [Synth 8-7129] Port s_axi_awcache[1] in module axi_protocol_converter_v2_1_25_axi_protocol_converter is either unconnected or has no load
WARNING: [Synth 8-7129] Port s_axi_awcache[0] in module axi_protocol_converter_v2_1_25_axi_protocol_converter is either unconnected or has no load
WARNING: [Synth 8-7129] Port s_axi_awregion[3] in module axi_protocol_converter_v2_1_25_axi_protocol_converter is either unconnected or has no load
WARNING: [Synth 8-7129] Port s_axi_awregion[2] in module axi_protocol_converter_v2_1_25_axi_protocol_converter is either unconnected or has no load
WARNING: [Synth 8-7129] Port s_axi_awregion[1] in module axi_protocol_converter_v2_1_25_axi_protocol_converter is either unconnected or has no load
WARNING: [Synth 8-7129] Port s_axi_awregion[0] in module axi_protocol_converter_v2_1_25_axi_protocol_converter is either unconnected or has no load
WARNING: [Synth 8-7129] Port s_axi_awqos[3] in module axi_protocol_converter_v2_1_25_axi_protocol_converter is either unconnected or has no load
WARNING: [Synth 8-7129] Port s_axi_awqos[2] in module axi_protocol_converter_v2_1_25_axi_protocol_converter is either unconnected or has no load
WARNING: [Synth 8-7129] Port s_axi_awqos[1] in module axi_protocol_converter_v2_1_25_axi_protocol_converter is either unconnected or has no load
WARNING: [Synth 8-7129] Port s_axi_awqos[0] in module axi_protocol_converter_v2_1_25_axi_protocol_converter is either unconnected or has no load
WARNING: [Synth 8-7129] Port s_axi_awuser[0] in module axi_protocol_converter_v2_1_25_axi_protocol_converter is either unconnected or has no load
WARNING: [Synth 8-7129] Port s_axi_wid[0] in module axi_protocol_converter_v2_1_25_axi_protocol_converter is either unconnected or has no load
WARNING: [Synth 8-7129] Port s_axi_wlast in module axi_protocol_converter_v2_1_25_axi_protocol_converter is either unconnected or has no load
WARNING: [Synth 8-7129] Port s_axi_wuser[0] in module axi_protocol_converter_v2_1_25_axi_protocol_converter is either unconnected or has no load
WARNING: [Synth 8-7129] Port s_axi_arid[0] in module axi_protocol_converter_v2_1_25_axi_protocol_converter is either unconnected or has no load
INFO: [Common 17-14] Message 'Synth 8-7129' appears 100 times and further instances of the messages will be disabled. Use the Tcl command set_msg_config to change the current settings.
---------------------------------------------------------------------------------
Finished Cross Boundary and Area Optimization : Time (s): cpu = 00:00:25 ; elapsed = 00:00:30 . Memory (MB): peak = 1260.195 ; gain = 0.000
---------------------------------------------------------------------------------
---------------------------------------------------------------------------------
Start Applying XDC Timing Constraints
---------------------------------------------------------------------------------
---------------------------------------------------------------------------------
Finished Applying XDC Timing Constraints : Time (s): cpu = 00:00:33 ; elapsed = 00:00:41 . Memory (MB): peak = 1260.195 ; gain = 0.000
---------------------------------------------------------------------------------
---------------------------------------------------------------------------------
Start Timing Optimization
---------------------------------------------------------------------------------
---------------------------------------------------------------------------------
Finished Timing Optimization : Time (s): cpu = 00:00:33 ; elapsed = 00:00:41 . Memory (MB): peak = 1260.195 ; gain = 0.000
---------------------------------------------------------------------------------
---------------------------------------------------------------------------------
Start Technology Mapping
---------------------------------------------------------------------------------
---------------------------------------------------------------------------------
Finished Technology Mapping : Time (s): cpu = 00:00:33 ; elapsed = 00:00:41 . Memory (MB): peak = 1260.195 ; gain = 0.000
---------------------------------------------------------------------------------
---------------------------------------------------------------------------------
Start IO Insertion
---------------------------------------------------------------------------------
---------------------------------------------------------------------------------
Start Flattening Before IO Insertion
---------------------------------------------------------------------------------
---------------------------------------------------------------------------------
Finished Flattening Before IO Insertion
---------------------------------------------------------------------------------
---------------------------------------------------------------------------------
Start Final Netlist Cleanup
---------------------------------------------------------------------------------
---------------------------------------------------------------------------------
Finished Final Netlist Cleanup
---------------------------------------------------------------------------------
---------------------------------------------------------------------------------
Finished IO Insertion : Time (s): cpu = 00:00:38 ; elapsed = 00:00:48 . Memory (MB): peak = 1260.195 ; gain = 0.000
---------------------------------------------------------------------------------
---------------------------------------------------------------------------------
Start Renaming Generated Instances
---------------------------------------------------------------------------------
---------------------------------------------------------------------------------
Finished Renaming Generated Instances : Time (s): cpu = 00:00:38 ; elapsed = 00:00:48 . Memory (MB): peak = 1260.195 ; gain = 0.000
---------------------------------------------------------------------------------
---------------------------------------------------------------------------------
Start Rebuilding User Hierarchy
---------------------------------------------------------------------------------
---------------------------------------------------------------------------------
Finished Rebuilding User Hierarchy : Time (s): cpu = 00:00:38 ; elapsed = 00:00:48 . Memory (MB): peak = 1260.195 ; gain = 0.000
---------------------------------------------------------------------------------
---------------------------------------------------------------------------------
Start Renaming Generated Ports
---------------------------------------------------------------------------------
---------------------------------------------------------------------------------
Finished Renaming Generated Ports : Time (s): cpu = 00:00:38 ; elapsed = 00:00:48 . Memory (MB): peak = 1260.195 ; gain = 0.000
---------------------------------------------------------------------------------
---------------------------------------------------------------------------------
Start Handling Custom Attributes
---------------------------------------------------------------------------------
---------------------------------------------------------------------------------
Finished Handling Custom Attributes : Time (s): cpu = 00:00:38 ; elapsed = 00:00:48 . Memory (MB): peak = 1260.195 ; gain = 0.000
---------------------------------------------------------------------------------
---------------------------------------------------------------------------------
Start Renaming Generated Nets
---------------------------------------------------------------------------------
---------------------------------------------------------------------------------
Finished Renaming Generated Nets : Time (s): cpu = 00:00:38 ; elapsed = 00:00:48 . Memory (MB): peak = 1260.195 ; gain = 0.000
---------------------------------------------------------------------------------
---------------------------------------------------------------------------------
Start Writing Synthesis Report
---------------------------------------------------------------------------------

Report BlackBoxes: 
+-+--------------+----------+
| |BlackBox name |Instances |
+-+--------------+----------+
+-+--------------+----------+

Report Cell Usage: 
+-+-----+------+
| |Cell |Count |
+-+-----+------+
+-+-----+------+
---------------------------------------------------------------------------------
Finished Writing Synthesis Report : Time (s): cpu = 00:00:38 ; elapsed = 00:00:48 . Memory (MB): peak = 1260.195 ; gain = 0.000
---------------------------------------------------------------------------------
Synthesis finished with 0 errors, 0 critical warnings and 67 warnings.
Synthesis Optimization Runtime : Time (s): cpu = 00:00:22 ; elapsed = 00:00:46 . Memory (MB): peak = 1260.195 ; gain = 0.000
Synthesis Optimization Complete : Time (s): cpu = 00:00:39 ; elapsed = 00:00:48 . Memory (MB): peak = 1260.195 ; gain = 0.000
INFO: [Project 1-571] Translating synthesized netlist
Netlist sorting complete. Time (s): cpu = 00:00:00 ; elapsed = 00:00:00.007 . Memory (MB): peak = 1260.195 ; gain = 0.000
INFO: [Project 1-570] Preparing netlist for logic optimization
INFO: [Opt 31-138] Pushed 0 inverter(s) to 0 load pin(s).
Netlist sorting complete. Time (s): cpu = 00:00:00 ; elapsed = 00:00:00 . Memory (MB): peak = 1261.312 ; gain = 0.000
INFO: [Project 1-111] Unisim Transformation Summary:
No Unisim elements were transformed.

Synth Design complete, checksum: c20559f9
INFO: [Common 17-83] Releasing license: Synthesis
17 Infos, 101 Warnings, 0 Critical Warnings and 0 Errors encountered.
synth_design completed successfully
synth_design: Time (s): cpu = 00:00:43 ; elapsed = 00:00:54 . Memory (MB): peak = 1266.289 ; gain = 6.094
INFO: [Common 17-1381] The checkpoint 'C:/Users/NextLife/Desktop/fpga_projects/microblaze_server/microblaze_server.runs/system_auto_pc_4_synth_1/system_auto_pc_4.dcp' has been generated.
INFO: [Coretcl 2-1648] Added synthesis output to IP cache for IP system_auto_pc_4, cache-ID = 7b35b9617154d233
INFO: [Common 17-1381] The checkpoint 'C:/Users/NextLife/Desktop/fpga_projects/microblaze_server/microblaze_server.runs/system_auto_pc_4_synth_1/system_auto_pc_4.dcp' has been generated.
INFO: [runtcl-4] Executing : report_utilization -file system_auto_pc_4_utilization_synth.rpt -pb system_auto_pc_4_utilization_synth.pb
INFO: [Common 17-206] Exiting Vivado at Wed May 25 12:44:41 2022...
